2019-04-23 15:45:04.321  INFO 15256 --- [restartedMain] c.c.c.ConfigServicePropertySourceLocator : Fetching config from server at: http://localhost:8888
2019-04-23 15:45:05.325  WARN 15256 --- [restartedMain] c.c.c.ConfigServicePropertySourceLocator : Could not locate PropertySource: I/O error on GET request for "http://localhost:8888/cloud-store-member/default": Connection refused: connect; nested exception is java.net.ConnectException: Connection refused: connect
2019-04-23 15:45:05.325  INFO 15256 --- [restartedMain] club.jackzhan.MemberProviderApp          : No active profile set, falling back to default profiles: default
2019-04-23 15:45:05.327  INFO 15256 --- [restartedMain] ationConfigEmbeddedWebApplicationContext : Refreshing org.springframework.boot.context.embedded.AnnotationConfigEmbeddedWebApplicationContext@6ed463c4: startup date [Tue Apr 23 15:45:05 CST 2019]; parent: org.springframework.context.annotation.AnnotationConfigApplicationContext@6d0ee347
2019-04-23 15:45:05.851  INFO 15256 --- [restartedMain] o.s.cloud.context.scope.GenericScope     : BeanFactory id=3750f2f1-8ec5-3c2d-8eae-134188a73fdf
2019-04-23 15:45:05.855  INFO 15256 --- [restartedMain] f.a.AutowiredAnnotationBeanPostProcessor : JSR-330 'javax.inject.Inject' annotation found and supported for autowiring
2019-04-23 15:45:05.867  INFO 15256 --- [restartedMain] trationDelegate$BeanPostProcessorChecker : Bean 'org.springframework.transaction.annotation.ProxyTransactionManagementConfiguration' of type [org.springframework.transaction.annotation.ProxyTransactionManagementConfiguration$$EnhancerBySpringCGLIB$$5399f4cb] is not eligible for getting processed by all BeanPostProcessors (for example: not eligible for auto-proxying)
2019-04-23 15:45:05.873  INFO 15256 --- [restartedMain] trationDelegate$BeanPostProcessorChecker : Bean 'org.springframework.cloud.netflix.metrics.MetricsInterceptorConfiguration$MetricsRestTemplateConfiguration' of type [org.springframework.cloud.netflix.metrics.MetricsInterceptorConfiguration$MetricsRestTemplateConfiguration$$EnhancerBySpringCGLIB$$85c69b0c] is not eligible for getting processed by all BeanPostProcessors (for example: not eligible for auto-proxying)
2019-04-23 15:45:05.874  INFO 15256 --- [restartedMain] trationDelegate$BeanPostProcessorChecker : Bean 'org.springframework.cloud.autoconfigure.ConfigurationPropertiesRebinderAutoConfiguration' of type [org.springframework.cloud.autoconfigure.ConfigurationPropertiesRebinderAutoConfiguration$$EnhancerBySpringCGLIB$$6fb3f7c8] is not eligible for getting processed by all BeanPostProcessors (for example: not eligible for auto-proxying)
2019-04-23 15:45:05.988  INFO 15256 --- [restartedMain] e.j.JettyEmbeddedServletContainerFactory : Server initialized with port: 8001
2019-04-23 15:45:05.988  INFO 15256 --- [restartedMain] org.eclipse.jetty.server.Server          : jetty-9.4.7.v20170914
2019-04-23 15:45:05.991  INFO 15256 --- [restartedMain] org.eclipse.jetty.server.session         : DefaultSessionIdManager workerName=node0
2019-04-23 15:45:05.991  INFO 15256 --- [restartedMain] org.eclipse.jetty.server.session         : No SessionScavenger set, using defaults
2019-04-23 15:45:05.991  INFO 15256 --- [restartedMain] org.eclipse.jetty.server.session         : Scavenging every 600000ms
2019-04-23 15:45:05.992  INFO 15256 --- [restartedMain] o.e.j.s.h.ContextHandler.application     : Initializing Spring embedded WebApplicationContext
2019-04-23 15:45:05.992  INFO 15256 --- [restartedMain] o.s.web.context.ContextLoader            : Root WebApplicationContext: initialization completed in 665 ms
2019-04-23 15:45:06.044  INFO 15256 --- [restartedMain] o.s.b.w.servlet.ServletRegistrationBean  : Mapping servlet: 'dispatcherServlet' to [/]
2019-04-23 15:45:06.045  INFO 15256 --- [restartedMain] o.s.b.w.servlet.FilterRegistrationBean   : Mapping filter: 'metricsFilter' to: [/*]
2019-04-23 15:45:06.045  INFO 15256 --- [restartedMain] o.s.b.w.servlet.FilterRegistrationBean   : Mapping filter: 'characterEncodingFilter' to: [/*]
2019-04-23 15:45:06.045  INFO 15256 --- [restartedMain] o.s.b.w.servlet.FilterRegistrationBean   : Mapping filter: 'hiddenHttpMethodFilter' to: [/*]
2019-04-23 15:45:06.045  INFO 15256 --- [restartedMain] o.s.b.w.servlet.FilterRegistrationBean   : Mapping filter: 'httpPutFormContentFilter' to: [/*]
2019-04-23 15:45:06.045  INFO 15256 --- [restartedMain] o.s.b.w.servlet.FilterRegistrationBean   : Mapping filter: 'webRequestLoggingFilter' to: [/*]
2019-04-23 15:45:06.045  INFO 15256 --- [restartedMain] o.s.b.w.servlet.FilterRegistrationBean   : Mapping filter: 'applicationContextIdFilter' to: [/*]
2019-04-23 15:45:06.046  INFO 15256 --- [restartedMain] o.e.jetty.server.handler.ContextHandler  : Started o.s.b.c.e.j.JettyEmbeddedWebAppContext@6fbaa9d1{/,[file:///C:/Users/JackZhan/AppData/Local/Temp/jetty-docbase.7242594472435347993.8001/],AVAILABLE}
2019-04-23 15:45:06.046  INFO 15256 --- [restartedMain] org.eclipse.jetty.server.Server          : Started @1210985ms
2019-04-23 15:45:06.840  INFO 15256 --- [restartedMain] s.w.s.m.m.a.RequestMappingHandlerAdapter : Looking for @ControllerAdvice: org.springframework.boot.context.embedded.AnnotationConfigEmbeddedWebApplicationContext@6ed463c4: startup date [Tue Apr 23 15:45:05 CST 2019]; parent: org.springframework.context.annotation.AnnotationConfigApplicationContext@6d0ee347
2019-04-23 15:45:06.854  INFO 15256 --- [restartedMain] s.w.s.m.m.a.RequestMappingHandlerMapping : Mapped "{[/dept/get/{id}],methods=[GET]}" onto public club.jackzhan.cloudstore.module.entities.Dept club.jackzhan.cloudstore.web.controller.DeptController.get(java.lang.Long)
2019-04-23 15:45:06.854  INFO 15256 --- [restartedMain] s.w.s.m.m.a.RequestMappingHandlerMapping : Mapped "{[/member/getMember],methods=[GET]}" onto public club.jackzhan.cloudstore.util.ResultResponse club.jackzhan.cloudstore.web.controller.MemberController.getMember(club.jackzhan.cloudstore.module.request.MemberQueryRequest)
2019-04-23 15:45:06.855  INFO 15256 --- [restartedMain] s.w.s.m.m.a.RequestMappingHandlerMapping : Mapped "{[/error]}" onto public org.springframework.http.ResponseEntity<java.util.Map<java.lang.String, java.lang.Object>> org.springframework.boot.autoconfigure.web.BasicErrorController.error(javax.servlet.http.HttpServletRequest)
2019-04-23 15:45:06.856  INFO 15256 --- [restartedMain] s.w.s.m.m.a.RequestMappingHandlerMapping : Mapped "{[/error],produces=[text/html]}" onto public org.springframework.web.servlet.ModelAndView org.springframework.boot.autoconfigure.web.BasicErrorController.errorHtml(javax.servlet.http.HttpServletRequest,javax.servlet.http.HttpServletResponse)
2019-04-23 15:45:06.866  INFO 15256 --- [restartedMain] o.s.w.s.handler.SimpleUrlHandlerMapping  : Mapped URL path [/webjars/**] onto handler of type [class org.springframework.web.servlet.resource.ResourceHttpRequestHandler]
2019-04-23 15:45:06.866  INFO 15256 --- [restartedMain] o.s.w.s.handler.SimpleUrlHandlerMapping  : Mapped URL path [/**] onto handler of type [class org.springframework.web.servlet.resource.ResourceHttpRequestHandler]
2019-04-23 15:45:06.878  INFO 15256 --- [restartedMain] o.s.w.s.handler.SimpleUrlHandlerMapping  : Mapped URL path [/**/favicon.ico] onto handler of type [class org.springframework.web.servlet.resource.ResourceHttpRequestHandler]
2019-04-23 15:45:07.032  INFO 15256 --- [restartedMain] o.s.b.a.e.mvc.EndpointHandlerMapping     : Mapped "{[/hystrix.stream/**]}" onto public org.springframework.web.servlet.ModelAndView org.springframework.cloud.netflix.endpoint.ServletWrappingEndpoint.handle(javax.servlet.http.HttpServletRequest,javax.servlet.http.HttpServletResponse) throws java.lang.Exception
2019-04-23 15:45:07.033  INFO 15256 --- [restartedMain] o.s.b.a.e.mvc.EndpointHandlerMapping     : Mapped "{[/restart || /restart.json],methods=[POST]}" onto public java.lang.Object org.springframework.cloud.context.restart.RestartMvcEndpoint.invoke()
2019-04-23 15:45:07.033  INFO 15256 --- [restartedMain] o.s.b.a.e.mvc.EndpointHandlerMapping     : Mapped "{[/trace || /trace.json],methods=[GET],produces=[application/vnd.spring-boot.actuator.v1+json || application/json]}" onto public java.lang.Object org.springframework.boot.actuate.endpoint.mvc.EndpointMvcAdapter.invoke()
2019-04-23 15:45:07.033  INFO 15256 --- [restartedMain] o.s.b.a.e.mvc.EndpointHandlerMapping     : Mapped "{[/info || /info.json],methods=[GET],produces=[application/vnd.spring-boot.actuator.v1+json || application/json]}" onto public java.lang.Object org.springframework.boot.actuate.endpoint.mvc.EndpointMvcAdapter.invoke()
2019-04-23 15:45:07.034  INFO 15256 --- [restartedMain] o.s.b.a.e.mvc.EndpointHandlerMapping     : Mapped "{[/loggers/{name:.*}],methods=[GET],produces=[application/vnd.spring-boot.actuator.v1+json || application/json]}" onto public java.lang.Object org.springframework.boot.actuate.endpoint.mvc.LoggersMvcEndpoint.get(java.lang.String)
2019-04-23 15:45:07.034  INFO 15256 --- [restartedMain] o.s.b.a.e.mvc.EndpointHandlerMapping     : Mapped "{[/loggers/{name:.*}],methods=[POST],consumes=[application/vnd.spring-boot.actuator.v1+json || application/json],produces=[application/vnd.spring-boot.actuator.v1+json || application/json]}" onto public java.lang.Object org.springframework.boot.actuate.endpoint.mvc.LoggersMvcEndpoint.set(java.lang.String,java.util.Map<java.lang.String, java.lang.String>)
2019-04-23 15:45:07.034  INFO 15256 --- [restartedMain] o.s.b.a.e.mvc.EndpointHandlerMapping     : Mapped "{[/loggers || /loggers.json],methods=[GET],produces=[application/vnd.spring-boot.actuator.v1+json || application/json]}" onto public java.lang.Object org.springframework.boot.actuate.endpoint.mvc.EndpointMvcAdapter.invoke()
2019-04-23 15:45:07.034  INFO 15256 --- [restartedMain] o.s.b.a.e.mvc.EndpointHandlerMapping     : Mapped "{[/features || /features.json],methods=[GET],produces=[application/vnd.spring-boot.actuator.v1+json || application/json]}" onto public java.lang.Object org.springframework.boot.actuate.endpoint.mvc.EndpointMvcAdapter.invoke()
2019-04-23 15:45:07.034  INFO 15256 --- [restartedMain] o.s.b.a.e.mvc.EndpointHandlerMapping     : Mapped "{[/beans || /beans.json],methods=[GET],produces=[application/vnd.spring-boot.actuator.v1+json || application/json]}" onto public java.lang.Object org.springframework.boot.actuate.endpoint.mvc.EndpointMvcAdapter.invoke()
2019-04-23 15:45:07.034  INFO 15256 --- [restartedMain] o.s.b.a.e.mvc.EndpointHandlerMapping     : Mapped "{[/resume || /resume.json],methods=[POST]}" onto public java.lang.Object org.springframework.cloud.endpoint.GenericPostableMvcEndpoint.invoke()
2019-04-23 15:45:07.035  INFO 15256 --- [restartedMain] o.s.b.a.e.mvc.EndpointHandlerMapping     : Mapped "{[/dump || /dump.json],methods=[GET],produces=[application/vnd.spring-boot.actuator.v1+json || application/json]}" onto public java.lang.Object org.springframework.boot.actuate.endpoint.mvc.EndpointMvcAdapter.invoke()
2019-04-23 15:45:07.035  INFO 15256 --- [restartedMain] o.s.b.a.e.mvc.EndpointHandlerMapping     : Mapped "{[/service-registry/instance-status],methods=[POST]}" onto public org.springframework.http.ResponseEntity<?> org.springframework.cloud.client.serviceregistry.endpoint.ServiceRegistryEndpoint.setStatus(java.lang.String)
2019-04-23 15:45:07.035  INFO 15256 --- [restartedMain] o.s.b.a.e.mvc.EndpointHandlerMapping     : Mapped "{[/service-registry/instance-status],methods=[GET]}" onto public org.springframework.http.ResponseEntity org.springframework.cloud.client.serviceregistry.endpoint.ServiceRegistryEndpoint.getStatus()
2019-04-23 15:45:07.035  INFO 15256 --- [restartedMain] o.s.b.a.e.mvc.EndpointHandlerMapping     : Mapped "{[/mappings || /mappings.json],methods=[GET],produces=[application/vnd.spring-boot.actuator.v1+json || application/json]}" onto public java.lang.Object org.springframework.boot.actuate.endpoint.mvc.EndpointMvcAdapter.invoke()
2019-04-23 15:45:07.036  INFO 15256 --- [restartedMain] o.s.b.a.e.mvc.EndpointHandlerMapping     : Mapped "{[/metrics/{name:.*}],methods=[GET],produces=[application/vnd.spring-boot.actuator.v1+json || application/json]}" onto public java.lang.Object org.springframework.boot.actuate.endpoint.mvc.MetricsMvcEndpoint.value(java.lang.String)
2019-04-23 15:45:07.036  INFO 15256 --- [restartedMain] o.s.b.a.e.mvc.EndpointHandlerMapping     : Mapped "{[/metrics || /metrics.json],methods=[GET],produces=[application/vnd.spring-boot.actuator.v1+json || application/json]}" onto public java.lang.Object org.springframework.boot.actuate.endpoint.mvc.EndpointMvcAdapter.invoke()
2019-04-23 15:45:07.036  INFO 15256 --- [restartedMain] o.s.b.a.e.mvc.EndpointHandlerMapping     : Mapped "{[/auditevents || /auditevents.json],methods=[GET],produces=[application/vnd.spring-boot.actuator.v1+json || application/json]}" onto public org.springframework.http.ResponseEntity<?> org.springframework.boot.actuate.endpoint.mvc.AuditEventsMvcEndpoint.findByPrincipalAndAfterAndType(java.lang.String,java.util.Date,java.lang.String)
2019-04-23 15:45:07.036  INFO 15256 --- [restartedMain] o.s.b.a.e.mvc.EndpointHandlerMapping     : Mapped "{[/autoconfig || /autoconfig.json],methods=[GET],produces=[application/vnd.spring-boot.actuator.v1+json || application/json]}" onto public java.lang.Object org.springframework.boot.actuate.endpoint.mvc.EndpointMvcAdapter.invoke()
2019-04-23 15:45:07.037  INFO 15256 --- [restartedMain] o.s.b.a.e.mvc.EndpointHandlerMapping     : Mapped "{[/heapdump || /heapdump.json],methods=[GET],produces=[application/octet-stream]}" onto public void org.springframework.boot.actuate.endpoint.mvc.HeapdumpMvcEndpoint.invoke(boolean,javax.servlet.http.HttpServletRequest,javax.servlet.http.HttpServletResponse) throws java.io.IOException,javax.servlet.ServletException
2019-04-23 15:45:07.037  INFO 15256 --- [restartedMain] o.s.b.a.e.mvc.EndpointHandlerMapping     : Mapped "{[/env],methods=[POST]}" onto public java.lang.Object org.springframework.cloud.context.environment.EnvironmentManagerMvcEndpoint.value(java.util.Map<java.lang.String, java.lang.String>)
2019-04-23 15:45:07.037  INFO 15256 --- [restartedMain] o.s.b.a.e.mvc.EndpointHandlerMapping     : Mapped "{[/env/reset],methods=[POST]}" onto public java.util.Map<java.lang.String, java.lang.Object> org.springframework.cloud.context.environment.EnvironmentManagerMvcEndpoint.reset()
2019-04-23 15:45:07.037  INFO 15256 --- [restartedMain] o.s.b.a.e.mvc.EndpointHandlerMapping     : Mapped "{[/refresh || /refresh.json],methods=[POST]}" onto public java.lang.Object org.springframework.cloud.endpoint.GenericPostableMvcEndpoint.invoke()
2019-04-23 15:45:07.037  INFO 15256 --- [restartedMain] o.s.b.a.e.mvc.EndpointHandlerMapping     : Mapped "{[/env/{name:.*}],methods=[GET],produces=[application/vnd.spring-boot.actuator.v1+json || application/json]}" onto public java.lang.Object org.springframework.boot.actuate.endpoint.mvc.EnvironmentMvcEndpoint.value(java.lang.String)
2019-04-23 15:45:07.038  INFO 15256 --- [restartedMain] o.s.b.a.e.mvc.EndpointHandlerMapping     : Mapped "{[/env || /env.json],methods=[GET],produces=[application/vnd.spring-boot.actuator.v1+json || application/json]}" onto public java.lang.Object org.springframework.boot.actuate.endpoint.mvc.EndpointMvcAdapter.invoke()
2019-04-23 15:45:07.038  INFO 15256 --- [restartedMain] o.s.b.a.e.mvc.EndpointHandlerMapping     : Mapped "{[/pause || /pause.json],methods=[POST]}" onto public java.lang.Object org.springframework.cloud.endpoint.GenericPostableMvcEndpoint.invoke()
2019-04-23 15:45:07.038  INFO 15256 --- [restartedMain] o.s.b.a.e.mvc.EndpointHandlerMapping     : Mapped "{[/health || /health.json],methods=[GET],produces=[application/vnd.spring-boot.actuator.v1+json || application/json]}" onto public java.lang.Object org.springframework.boot.actuate.endpoint.mvc.HealthMvcEndpoint.invoke(javax.servlet.http.HttpServletRequest,java.security.Principal)
2019-04-23 15:45:07.039  INFO 15256 --- [restartedMain] o.s.b.a.e.mvc.EndpointHandlerMapping     : Mapped "{[/logfile || /logfile.json],methods=[GET || HEAD]}" onto public void org.springframework.boot.actuate.endpoint.mvc.LogFileMvcEndpoint.invoke(javax.servlet.http.HttpServletRequest,javax.servlet.http.HttpServletResponse) throws javax.servlet.ServletException,java.io.IOException
2019-04-23 15:45:07.039  INFO 15256 --- [restartedMain] o.s.b.a.e.mvc.EndpointHandlerMapping     : Mapped "{[/configprops || /configprops.json],methods=[GET],produces=[application/vnd.spring-boot.actuator.v1+json || application/json]}" onto public java.lang.Object org.springframework.boot.actuate.endpoint.mvc.EndpointMvcAdapter.invoke()
2019-04-23 15:45:07.039  INFO 15256 --- [restartedMain] o.s.b.a.e.mvc.EndpointHandlerMapping     : Mapped "{[/archaius || /archaius.json],methods=[GET],produces=[application/vnd.spring-boot.actuator.v1+json || application/json]}" onto public java.lang.Object org.springframework.boot.actuate.endpoint.mvc.EndpointMvcAdapter.invoke()
2019-04-23 15:45:07.088  WARN 15256 --- [restartedMain] o.s.b.d.a.OptionalLiveReloadServer       : Unable to start LiveReload server
2019-04-23 15:45:07.112  WARN 15256 --- [restartedMain] c.n.c.sources.URLConfigurationSource     : No URLs will be polled as dynamic configuration sources.
2019-04-23 15:45:07.113  INFO 15256 --- [restartedMain] c.n.c.sources.URLConfigurationSource     : To enable URLs as dynamic configuration sources, define System property archaius.configurationSource.additionalUrls or make config.properties available on classpath.
2019-04-23 15:45:07.151  INFO 15256 --- [restartedMain] o.s.j.e.a.AnnotationMBeanExporter        : Registering beans for JMX exposure on startup
2019-04-23 15:45:07.152  INFO 15256 --- [restartedMain] o.s.j.e.a.AnnotationMBeanExporter        : Bean with name 'dataSource' has been autodetected for JMX exposure
2019-04-23 15:45:07.153  INFO 15256 --- [restartedMain] o.s.j.e.a.AnnotationMBeanExporter        : Bean with name 'environmentManager' has been autodetected for JMX exposure
2019-04-23 15:45:07.154  INFO 15256 --- [restartedMain] o.s.j.e.a.AnnotationMBeanExporter        : Bean with name 'configurationPropertiesRebinder' has been autodetected for JMX exposure
2019-04-23 15:45:07.154  INFO 15256 --- [restartedMain] o.s.j.e.a.AnnotationMBeanExporter        : Bean with name 'refreshEndpoint' has been autodetected for JMX exposure
2019-04-23 15:45:07.154  INFO 15256 --- [restartedMain] o.s.j.e.a.AnnotationMBeanExporter        : Bean with name 'restartEndpoint' has been autodetected for JMX exposure
2019-04-23 15:45:07.154  INFO 15256 --- [restartedMain] o.s.j.e.a.AnnotationMBeanExporter        : Bean with name 'serviceRegistryEndpoint' has been autodetected for JMX exposure
2019-04-23 15:45:07.154  INFO 15256 --- [restartedMain] o.s.j.e.a.AnnotationMBeanExporter        : Bean with name 'refreshScope' has been autodetected for JMX exposure
2019-04-23 15:45:07.155  INFO 15256 --- [restartedMain] o.s.j.e.a.AnnotationMBeanExporter        : Located managed bean 'environmentManager': registering with JMX server as MBean [org.springframework.cloud.context.environment:name=environmentManager,type=EnvironmentManager]
2019-04-23 15:45:07.157  INFO 15256 --- [restartedMain] o.s.j.e.a.AnnotationMBeanExporter        : Located managed bean 'restartEndpoint': registering with JMX server as MBean [org.springframework.cloud.context.restart:name=restartEndpoint,type=RestartEndpoint]
2019-04-23 15:45:07.159  INFO 15256 --- [restartedMain] o.s.j.e.a.AnnotationMBeanExporter        : Located managed bean 'serviceRegistryEndpoint': registering with JMX server as MBean [org.springframework.cloud.client.serviceregistry.endpoint:name=serviceRegistryEndpoint,type=ServiceRegistryEndpoint]
2019-04-23 15:45:07.160  INFO 15256 --- [restartedMain] o.s.j.e.a.AnnotationMBeanExporter        : Located managed bean 'refreshScope': registering with JMX server as MBean [org.springframework.cloud.context.scope.refresh:name=refreshScope,type=RefreshScope]
2019-04-23 15:45:07.162  INFO 15256 --- [restartedMain] o.s.j.e.a.AnnotationMBeanExporter        : Located managed bean 'configurationPropertiesRebinder': registering with JMX server as MBean [org.springframework.cloud.context.properties:name=configurationPropertiesRebinder,context=6ed463c4,type=ConfigurationPropertiesRebinder]
2019-04-23 15:45:07.164  INFO 15256 --- [restartedMain] o.s.j.e.a.AnnotationMBeanExporter        : Located MBean 'dataSource': registering with JMX server as MBean [com.alibaba.druid.pool:name=dataSource,type=DruidDataSource]
2019-04-23 15:45:07.165  INFO 15256 --- [restartedMain] o.s.j.e.a.AnnotationMBeanExporter        : Located managed bean 'refreshEndpoint': registering with JMX server as MBean [org.springframework.cloud.endpoint:name=refreshEndpoint,type=RefreshEndpoint]
2019-04-23 15:45:07.269  INFO 15256 --- [restartedMain] o.s.c.support.DefaultLifecycleProcessor  : Starting beans in phase 0
2019-04-23 15:45:07.271  INFO 15256 --- [restartedMain] o.s.c.n.eureka.InstanceInfoFactory       : Setting initial instance status as: STARTING
2019-04-23 15:45:07.277  INFO 15256 --- [restartedMain] com.netflix.discovery.DiscoveryClient    : Initializing Eureka in region us-east-1
2019-04-23 15:45:07.279  INFO 15256 --- [restartedMain] c.n.d.provider.DiscoveryJerseyProvider   : Using JSON encoding codec LegacyJacksonJson
2019-04-23 15:45:07.279  INFO 15256 --- [restartedMain] c.n.d.provider.DiscoveryJerseyProvider   : Using JSON decoding codec LegacyJacksonJson
2019-04-23 15:45:07.279  INFO 15256 --- [restartedMain] c.n.d.provider.DiscoveryJerseyProvider   : Using XML encoding codec XStreamXml
2019-04-23 15:45:07.279  INFO 15256 --- [restartedMain] c.n.d.provider.DiscoveryJerseyProvider   : Using XML decoding codec XStreamXml
2019-04-23 15:45:07.338  INFO 15256 --- [restartedMain] c.n.d.s.r.aws.ConfigClusterResolver      : Resolving eureka endpoints via configuration
2019-04-23 15:45:07.339  INFO 15256 --- [restartedMain] com.netflix.discovery.DiscoveryClient    : Disable delta property : false
2019-04-23 15:45:07.339  INFO 15256 --- [restartedMain] com.netflix.discovery.DiscoveryClient    : Single vip registry refresh property : null
2019-04-23 15:45:07.339  INFO 15256 --- [restartedMain] com.netflix.discovery.DiscoveryClient    : Force full registry fetch : false
2019-04-23 15:45:07.339  INFO 15256 --- [restartedMain] com.netflix.discovery.DiscoveryClient    : Application is null : false
2019-04-23 15:45:07.339  INFO 15256 --- [restartedMain] com.netflix.discovery.DiscoveryClient    : Registered Applications size is zero : true
2019-04-23 15:45:07.340  INFO 15256 --- [restartedMain] com.netflix.discovery.DiscoveryClient    : Application version is -1: true
2019-04-23 15:45:07.340  INFO 15256 --- [restartedMain] com.netflix.discovery.DiscoveryClient    : Getting all instance registry info from the eureka server
2019-04-23 15:45:07.343  INFO 15256 --- [restartedMain] com.netflix.discovery.DiscoveryClient    : The response status is 200
2019-04-23 15:45:07.343  INFO 15256 --- [restartedMain] com.netflix.discovery.DiscoveryClient    : Starting heartbeat executor: renew interval is: 30
2019-04-23 15:45:07.344  INFO 15256 --- [restartedMain] c.n.discovery.InstanceInfoReplicator     : InstanceInfoReplicator onDemand update allowed rate per min is 4
2019-04-23 15:45:07.346  INFO 15256 --- [restartedMain] com.netflix.discovery.DiscoveryClient    : Discovery Client initialized at timestamp 1556005507346 with initial instances count: 3
2019-04-23 15:45:07.348  INFO 15256 --- [restartedMain] o.s.c.n.e.s.EurekaServiceRegistry        : Registering application cloud-store-member with eureka with status UP
2019-04-23 15:45:07.348  INFO 15256 --- [restartedMain] com.netflix.discovery.DiscoveryClient    : Saw local status change event StatusChangeEvent [timestamp=1556005507348, current=UP, previous=STARTING]
2019-04-23 15:45:07.349  INFO 15256 --- [DiscoveryClient-InstanceInfoReplicator-0] com.netflix.discovery.DiscoveryClient    : DiscoveryClient_CLOUD-STORE-MEMBER/cloud-store-member: registering service...
2019-04-23 15:45:07.354  INFO 15256 --- [DiscoveryClient-InstanceInfoReplicator-0] com.netflix.discovery.DiscoveryClient    : DiscoveryClient_CLOUD-STORE-MEMBER/cloud-store-member - registration status: 204
2019-04-23 15:45:07.366  INFO 15256 --- [restartedMain] o.s.c.support.DefaultLifecycleProcessor  : Starting beans in phase 2147483647
2019-04-23 15:45:07.367  INFO 15256 --- [restartedMain] ration$HystrixMetricsPollerConfiguration : Starting poller
2019-04-23 15:45:07.375  INFO 15256 --- [restartedMain] o.e.j.s.h.ContextHandler.application     : Initializing Spring FrameworkServlet 'dispatcherServlet'
2019-04-23 15:45:07.375  INFO 15256 --- [restartedMain] o.s.web.servlet.DispatcherServlet        : FrameworkServlet 'dispatcherServlet': initialization started
2019-04-23 15:45:07.380  INFO 15256 --- [restartedMain] o.s.web.servlet.DispatcherServlet        : FrameworkServlet 'dispatcherServlet': initialization completed in 5 ms
2019-04-23 15:45:07.382  INFO 15256 --- [restartedMain] o.e.jetty.server.AbstractConnector       : Started ServerConnector@6d65dd5d{HTTP/1.1,[http/1.1]}{0.0.0.0:8001}
2019-04-23 15:45:07.382  INFO 15256 --- [restartedMain] .s.b.c.e.j.JettyEmbeddedServletContainer : Jetty started on port(s) 8001 (http/1.1)
2019-04-23 15:45:07.382  INFO 15256 --- [restartedMain] .s.c.n.e.s.EurekaAutoServiceRegistration : Updating port to 8001
2019-04-23 15:45:07.384  INFO 15256 --- [restartedMain] club.jackzhan.MemberProviderApp          : Started MemberProviderApp in 4.37 seconds (JVM running for 1212.324)
2019-04-23 15:45:19.265  INFO 15256 --- [qtp1350739265-123] com.alibaba.druid.pool.DruidDataSource   : {dataSource-3} inited
2019-04-23 15:47:28.160  INFO 15256 --- [Thread-54] s.c.a.AnnotationConfigApplicationContext : Closing org.springframework.context.annotation.AnnotationConfigApplicationContext@6d0ee347: startup date [Tue Apr 23 15:45:03 CST 2019]; root of context hierarchy
2019-04-23 15:47:28.161  INFO 15256 --- [Thread-54] ationConfigEmbeddedWebApplicationContext : Closing org.springframework.boot.context.embedded.AnnotationConfigEmbeddedWebApplicationContext@6ed463c4: startup date [Tue Apr 23 15:45:05 CST 2019]; parent: org.springframework.context.annotation.AnnotationConfigApplicationContext@6d0ee347
2019-04-23 15:47:28.161  INFO 15256 --- [Thread-54] o.s.c.n.e.s.EurekaServiceRegistry        : Unregistering application cloud-store-member with eureka with status DOWN
2019-04-23 15:47:28.161  WARN 15256 --- [Thread-54] com.netflix.discovery.DiscoveryClient    : Saw local status change event StatusChangeEvent [timestamp=1556005648161, current=DOWN, previous=UP]
2019-04-23 15:47:28.161  INFO 15256 --- [Thread-54] com.netflix.discovery.DiscoveryClient    : Shutting down DiscoveryClient ...
2019-04-23 15:47:28.161  INFO 15256 --- [DiscoveryClient-InstanceInfoReplicator-0] com.netflix.discovery.DiscoveryClient    : DiscoveryClient_CLOUD-STORE-MEMBER/cloud-store-member: registering service...
2019-04-23 15:47:28.162  INFO 15256 --- [Thread-54] com.netflix.discovery.DiscoveryClient    : Unregistering ...
2019-04-23 15:47:28.166  INFO 15256 --- [Thread-54] com.netflix.discovery.DiscoveryClient    : DiscoveryClient_CLOUD-STORE-MEMBER/cloud-store-member - deregister  status: 200
2019-04-23 15:47:28.167  INFO 15256 --- [DiscoveryClient-InstanceInfoReplicator-0] com.netflix.discovery.DiscoveryClient    : DiscoveryClient_CLOUD-STORE-MEMBER/cloud-store-member - registration status: 204
2019-04-23 15:47:28.169  INFO 15256 --- [Thread-54] com.netflix.discovery.DiscoveryClient    : Completed shut down of DiscoveryClient
2019-04-23 15:47:28.171  INFO 15256 --- [Thread-54] o.s.c.support.DefaultLifecycleProcessor  : Stopping beans in phase 2147483647
2019-04-23 15:47:28.171  INFO 15256 --- [Thread-54] o.s.c.support.DefaultLifecycleProcessor  : Stopping beans in phase 0
2019-04-23 15:47:28.172  INFO 15256 --- [Thread-54] o.s.j.e.a.AnnotationMBeanExporter        : Unregistering JMX-exposed beans on shutdown
2019-04-23 15:47:28.173  INFO 15256 --- [Thread-54] o.s.j.e.a.AnnotationMBeanExporter        : Unregistering JMX-exposed beans
2019-04-23 15:47:28.175  INFO 15256 --- [Thread-54] com.alibaba.druid.pool.DruidDataSource   : {dataSource-3} closed
2019-04-23 15:47:28.176  INFO 15256 --- [Thread-54] o.e.jetty.server.AbstractConnector       : Stopped ServerConnector@6d65dd5d{HTTP/1.1,[http/1.1]}{0.0.0.0:8001}
2019-04-23 15:47:28.177  INFO 15256 --- [Thread-54] org.eclipse.jetty.server.session         : Stopped scavenging
2019-04-23 15:47:28.177  INFO 15256 --- [Thread-54] o.e.j.s.h.ContextHandler.application     : Destroying Spring FrameworkServlet 'dispatcherServlet'
2019-04-23 15:47:28.178  INFO 15256 --- [Thread-54] o.e.jetty.server.handler.ContextHandler  : Stopped o.s.b.c.e.j.JettyEmbeddedWebAppContext@6fbaa9d1{/,[file:///C:/Users/JackZhan/AppData/Local/Temp/jetty-docbase.7242594472435347993.8001/],UNAVAILABLE}
